2023/04/19 09:14:53 [notice] 1#1: using the "epoll" event method
2023/04/19 09:14:53 [notice] 1#1: nginx/1.23.4
2023/04/19 09:14:53 [notice] 1#1: built by gcc 10.2.1 20210110 (Debian 10.2.1-6) 
2023/04/19 09:14:53 [notice] 1#1: OS: Linux 5.15.49-linuxkit
2023/04/19 09:14:53 [notice] 1#1: getrlimit(RLIMIT_NOFILE): 1048576:1048576
2023/04/19 09:14:53 [notice] 1#1: start worker processes
2023/04/19 09:14:53 [notice] 1#1: start worker process 29
2023/04/19 09:14:53 [notice] 1#1: start worker process 30
2023/04/19 09:14:53 [notice] 1#1: start worker process 31
2023/04/19 09:14:53 [notice] 1#1: start worker process 32
2023/04/19 09:15:39 [crit] 29#29: *2 connect() to unix://backend/tmp/sokets/puma.sock failed (2: No such file or directory) while connecting to upstream, client: 172.18.0.1, server: localhost, request: "GET /manage/ HTTP/1.1", upstream: "http://unix://backend/tmp/sokets/puma.sock:/manage/", host: "localhost"
2023/04/19 09:21:49 [notice] 1#1: signal 3 (SIGQUIT) received, shutting down
2023/04/19 09:21:49 [notice] 32#32: gracefully shutting down
2023/04/19 09:21:49 [notice] 29#29: gracefully shutting down
2023/04/19 09:21:49 [notice] 31#31: gracefully shutting down
2023/04/19 09:21:49 [notice] 30#30: gracefully shutting down
2023/04/19 09:21:49 [notice] 32#32: exiting
2023/04/19 09:21:49 [notice] 29#29: exiting
2023/04/19 09:21:49 [notice] 31#31: exiting
2023/04/19 09:21:49 [notice] 30#30: exiting
2023/04/19 09:21:49 [notice] 30#30: exit
2023/04/19 09:21:49 [notice] 32#32: exit
2023/04/19 09:21:49 [notice] 29#29: exit
2023/04/19 09:21:49 [notice] 31#31: exit
2023/04/19 09:21:49 [notice] 1#1: signal 17 (SIGCHLD) received from 30
2023/04/19 09:21:49 [notice] 1#1: worker process 30 exited with code 0
2023/04/19 09:21:49 [notice] 1#1: signal 29 (SIGIO) received
2023/04/19 09:21:49 [notice] 1#1: signal 17 (SIGCHLD) received from 32
2023/04/19 09:21:49 [notice] 1#1: worker process 29 exited with code 0
2023/04/19 09:21:49 [notice] 1#1: worker process 31 exited with code 0
2023/04/19 09:21:49 [notice] 1#1: worker process 32 exited with code 0
2023/04/19 09:21:49 [notice] 1#1: exit
2023/04/19 09:21:58 [notice] 1#1: using the "epoll" event method
2023/04/19 09:21:58 [notice] 1#1: nginx/1.23.4
2023/04/19 09:21:58 [notice] 1#1: built by gcc 10.2.1 20210110 (Debian 10.2.1-6) 
2023/04/19 09:21:58 [notice] 1#1: OS: Linux 5.15.49-linuxkit
2023/04/19 09:21:58 [notice] 1#1: getrlimit(RLIMIT_NOFILE): 1048576:1048576
2023/04/19 09:21:58 [notice] 1#1: start worker processes
2023/04/19 09:21:58 [notice] 1#1: start worker process 27
2023/04/19 09:21:58 [notice] 1#1: start worker process 28
2023/04/19 09:21:58 [notice] 1#1: start worker process 29
2023/04/19 09:21:58 [notice] 1#1: start worker process 30
2023/04/19 09:22:01 [error] 27#27: *1 connect() to unix:///backend/tmp/sockets/puma.sock failed (111: Connection refused) while connecting to upstream, client: 172.18.0.1, server: localhost, request: "GET /manage/ HTTP/1.1", upstream: "http://unix:///backend/tmp/sockets/puma.sock:/manage/", host: "localhost"
2023/04/19 09:22:01 [error] 27#27: *1 connect() failed (111: Connection refused) while connecting to upstream, client: 172.18.0.1, server: localhost, request: "GET /favicon.ico HTTP/1.1", upstream: "http://172.18.0.4:3000/favicon.ico", host: "localhost", referrer: "http://localhost/manage/"
2023/04/19 09:22:04 [error] 27#27: *1 connect() to unix:///backend/tmp/sockets/puma.sock failed (111: Connection refused) while connecting to upstream, client: 172.18.0.1, server: localhost, request: "GET /manage/ HTTP/1.1", upstream: "http://unix:///backend/tmp/sockets/puma.sock:/manage/", host: "localhost"
2023/04/19 09:22:05 [error] 27#27: *2 connect() to unix:///backend/tmp/sockets/puma.sock failed (111: Connection refused) while connecting to upstream, client: 172.18.0.1, server: localhost, request: "GET /manage/ HTTP/1.1", upstream: "http://unix:///backend/tmp/sockets/puma.sock:/manage/", host: "localhost"
2023/04/19 09:24:26 [notice] 1#1: signal 3 (SIGQUIT) received, shutting down
2023/04/19 09:24:26 [notice] 27#27: gracefully shutting down
2023/04/19 09:24:26 [notice] 28#28: gracefully shutting down
2023/04/19 09:24:26 [notice] 29#29: gracefully shutting down
2023/04/19 09:24:26 [notice] 30#30: gracefully shutting down
2023/04/19 09:24:26 [notice] 27#27: exiting
2023/04/19 09:24:26 [notice] 28#28: exiting
2023/04/19 09:24:26 [notice] 29#29: exiting
2023/04/19 09:24:26 [notice] 30#30: exiting
2023/04/19 09:24:26 [notice] 27#27: exit
2023/04/19 09:24:26 [notice] 28#28: exit
2023/04/19 09:24:26 [notice] 29#29: exit
2023/04/19 09:24:26 [notice] 30#30: exit
2023/04/19 09:24:26 [notice] 1#1: signal 17 (SIGCHLD) received from 30
2023/04/19 09:24:26 [notice] 1#1: worker process 30 exited with code 0
2023/04/19 09:24:26 [notice] 1#1: signal 29 (SIGIO) received
2023/04/19 09:24:26 [notice] 1#1: signal 17 (SIGCHLD) received from 27
2023/04/19 09:24:26 [notice] 1#1: worker process 27 exited with code 0
2023/04/19 09:24:26 [notice] 1#1: worker process 29 exited with code 0
2023/04/19 09:24:26 [notice] 1#1: signal 29 (SIGIO) received
2023/04/19 09:24:26 [notice] 1#1: signal 17 (SIGCHLD) received from 29
2023/04/19 09:24:26 [notice] 1#1: worker process 28 exited with code 0
2023/04/19 09:24:26 [notice] 1#1: exit
2023/04/19 09:34:37 [notice] 1#1: using the "epoll" event method
2023/04/19 09:34:37 [notice] 1#1: nginx/1.23.4
2023/04/19 09:34:37 [notice] 1#1: built by gcc 10.2.1 20210110 (Debian 10.2.1-6) 
2023/04/19 09:34:37 [notice] 1#1: OS: Linux 5.15.49-linuxkit
2023/04/19 09:34:37 [notice] 1#1: getrlimit(RLIMIT_NOFILE): 1048576:1048576
2023/04/19 09:34:37 [notice] 1#1: start worker processes
2023/04/19 09:34:37 [notice] 1#1: start worker process 28
2023/04/19 09:34:37 [notice] 1#1: start worker process 29
2023/04/19 09:34:37 [notice] 1#1: start worker process 30
2023/04/19 09:34:37 [notice] 1#1: start worker process 31
2023/04/19 18:15:06 [error] 29#29: *331 upstream timed out (110: Connection timed out) while reading response header from upstream, client: 172.19.0.1, server: localhost, request: "GET /_next/webpack-hmr HTTP/1.1", upstream: "http://172.19.0.4:3000/_next/webpack-hmr", host: "localhost"
